{"C:\\Users\\iago6223\\Desktop\\Ger.Tech\\Back-End\\Ger.Tech_Back-End\\Aula_10\\src\\controllers\\operacoesController.js": {"path":"C:\\Users\\iago6223\\Desktop\\Ger.Tech\\Back-End\\Ger.Tech_Back-End\\Aula_10\\src\\controllers\\operacoesController.js","statementMap":{"0":{"start":{"line":1,"column":13},"end":{"line":8,"column":1}},"1":{"start":{"line":2,"column":4},"end":{"line":7,"column":5}},"2":{"start":{"line":3,"column":22},"end":{"line":3,"column":33}},"3":{"start":{"line":4,"column":8},"end":{"line":4,"column":20}},"4":{"start":{"line":6,"column":8},"end":{"line":6,"column":31}},"5":{"start":{"line":10,"column":12},"end":{"line":17,"column":1}},"6":{"start":{"line":11,"column":4},"end":{"line":16,"column":5}},"7":{"start":{"line":12,"column":22},"end":{"line":12,"column":33}},"8":{"start":{"line":13,"column":8},"end":{"line":13,"column":20}},"9":{"start":{"line":15,"column":8},"end":{"line":15,"column":31}},"10":{"start":{"line":19,"column":13},"end":{"line":26,"column":1}},"11":{"start":{"line":20,"column":4},"end":{"line":25,"column":5}},"12":{"start":{"line":21,"column":22},"end":{"line":21,"column":33}},"13":{"start":{"line":22,"column":8},"end":{"line":22,"column":20}},"14":{"start":{"line":24,"column":8},"end":{"line":24,"column":31}},"15":{"start":{"line":28,"column":13},"end":{"line":35,"column":1}},"16":{"start":{"line":29,"column":4},"end":{"line":34,"column":5}},"17":{"start":{"line":30,"column":22},"end":{"line":30,"column":33}},"18":{"start":{"line":31,"column":8},"end":{"line":31,"column":20}},"19":{"start":{"line":33,"column":8},"end":{"line":33,"column":31}},"20":{"start":{"line":37,"column":0},"end":{"line":42,"column":1}}},"fnMap":{"0":{"name":"(anonymous_0)","decl":{"start":{"line":1,"column":13},"end":{"line":1,"column":14}},"loc":{"start":{"line":1,"column":29},"end":{"line":8,"column":1}},"line":1},"1":{"name":"(anonymous_1)","decl":{"start":{"line":10,"column":12},"end":{"line":10,"column":13}},"loc":{"start":{"line":10,"column":28},"end":{"line":17,"column":1}},"line":10},"2":{"name":"(anonymous_2)","decl":{"start":{"line":19,"column":13},"end":{"line":19,"column":14}},"loc":{"start":{"line":19,"column":29},"end":{"line":26,"column":1}},"line":19},"3":{"name":"(anonymous_3)","decl":{"start":{"line":28,"column":13},"end":{"line":28,"column":14}},"loc":{"start":{"line":28,"column":29},"end":{"line":35,"column":1}},"line":28}},"branchMap":{},"s":{"0":1,"1":3,"2":3,"3":3,"4":0,"5":1,"6":3,"7":3,"8":3,"9":0,"10":1,"11":3,"12":3,"13":3,"14":0,"15":1,"16":3,"17":3,"18":3,"19":0,"20":1},"f":{"0":3,"1":3,"2":3,"3":3},"b":{},"_coverageSchema":"1a1c01bbd47fc00a2c39e90264f33305004495a9","hash":"d40ac6f15ca1fd8764aa2eaff8e780dd65b5c90b"}
}
